{"C:\\Users\\elpip\\Desktop\\events-manager\\server\\server.js": {"path":"C:\\Users\\elpip\\Desktop\\events-manager\\server\\server.js","statementMap":{"0":{"start":{"line":1,"column":0},"end":{"line":1,"column":44}},"1":{"start":{"line":4,"column":16},"end":{"line":4,"column":34}},"2":{"start":{"line":5,"column":13},"end":{"line":5,"column":28}},"3":{"start":{"line":6,"column":17},"end":{"line":6,"column":36}},"4":{"start":{"line":7,"column":19},"end":{"line":7,"column":41}},"5":{"start":{"line":8,"column":18},"end":{"line":8,"column":47}},"6":{"start":{"line":9,"column":13},"end":{"line":9,"column":30}},"7":{"start":{"line":13,"column":12},"end":{"line":13,"column":21}},"8":{"start":{"line":14,"column":0},"end":{"line":14,"column":16}},"9":{"start":{"line":17,"column":24},"end":{"line":17,"column":51}},"10":{"start":{"line":18,"column":15},"end":{"line":18,"column":44}},"11":{"start":{"line":19,"column":0},"end":{"line":19,"column":72}},"12":{"start":{"line":23,"column":2},"end":{"line":30,"column":3}},"13":{"start":{"line":24,"column":4},"end":{"line":27,"column":7}},"14":{"start":{"line":29,"column":4},"end":{"line":29,"column":57}},"15":{"start":{"line":32,"column":0},"end":{"line":32,"column":20}},"16":{"start":{"line":35,"column":0},"end":{"line":35,"column":27}},"17":{"start":{"line":38,"column":0},"end":{"line":42,"column":4}},"18":{"start":{"line":45,"column":0},"end":{"line":45,"column":16}},"19":{"start":{"line":48,"column":13},"end":{"line":48,"column":37}},"20":{"start":{"line":49,"column":0},"end":{"line":49,"column":70}},"21":{"start":{"line":49,"column":23},"end":{"line":49,"column":68}},"22":{"start":{"line":52,"column":0},"end":{"line":52,"column":21}}},"fnMap":{"0":{"name":"connectToDatabase","decl":{"start":{"line":22,"column":15},"end":{"line":22,"column":32}},"loc":{"start":{"line":22,"column":35},"end":{"line":31,"column":1}},"line":22},"1":{"name":"(anonymous_1)","decl":{"start":{"line":49,"column":17},"end":{"line":49,"column":18}},"loc":{"start":{"line":49,"column":23},"end":{"line":49,"column":68}},"line":49}},"branchMap":{"0":{"loc":{"start":{"line":48,"column":13},"end":{"line":48,"column":37}},"type":"binary-expr","locations":[{"start":{"line":48,"column":13},"end":{"line":48,"column":29}},{"start":{"line":48,"column":33},"end":{"line":48,"column":37}}],"line":48}},"s":{"0":1,"1":1,"2":1,"3":1,"4":1,"5":1,"6":1,"7":1,"8":1,"9":1,"10":1,"11":1,"12":1,"13":1,"14":0,"15":1,"16":1,"17":1,"18":1,"19":1,"20":1,"21":1,"22":1},"f":{"0":1,"1":1},"b":{"0":[1,1]},"_coverageSchema":"1a1c01bbd47fc00a2c39e90264f33305004495a9","hash":"acc02efd642a78c867beb26aafa741cb50a4780a"}
,"C:\\Users\\elpip\\Desktop\\events-manager\\server\\controllers\\tokenChecker.js": {"path":"C:\\Users\\elpip\\Desktop\\events-manager\\server\\controllers\\tokenChecker.js","statementMap":{"0":{"start":{"line":1,"column":12},"end":{"line":1,"column":35}},"1":{"start":{"line":24,"column":21},"end":{"line":30,"column":3}},"2":{"start":{"line":25,"column":1},"end":{"line":28,"column":3}},"3":{"start":{"line":29,"column":1},"end":{"line":29,"column":8}},"4":{"start":{"line":32,"column":0},"end":{"line":32,"column":29}}},"fnMap":{"0":{"name":"(anonymous_0)","decl":{"start":{"line":24,"column":21},"end":{"line":24,"column":22}},"loc":{"start":{"line":24,"column":47},"end":{"line":30,"column":3}},"line":24}},"branchMap":{},"s":{"0":1,"1":1,"2":11,"3":11,"4":1},"f":{"0":11},"b":{},"_coverageSchema":"1a1c01bbd47fc00a2c39e90264f33305004495a9","hash":"db55c8c1927fbf639b704c0353e0148ecb57514f"}
,"C:\\Users\\elpip\\Desktop\\events-manager\\server\\models\\amministratoreM.js": {"path":"C:\\Users\\elpip\\Desktop\\events-manager\\server\\models\\amministratoreM.js","statementMap":{"0":{"start":{"line":1,"column":17},"end":{"line":1,"column":36}},"1":{"start":{"line":3,"column":29},"end":{"line":10,"column":36}},"2":{"start":{"line":12,"column":23},"end":{"line":12,"column":77}},"3":{"start":{"line":14,"column":0},"end":{"line":14,"column":32}}},"fnMap":{},"branchMap":{},"s":{"0":1,"1":1,"2":1,"3":1},"f":{},"b":{},"_coverageSchema":"1a1c01bbd47fc00a2c39e90264f33305004495a9","hash":"5ba8795352035204d12dc352831614915b129e95"}
,"C:\\Users\\elpip\\Desktop\\events-manager\\server\\models\\annuncioM.js": {"path":"C:\\Users\\elpip\\Desktop\\events-manager\\server\\models\\annuncioM.js","statementMap":{"0":{"start":{"line":20,"column":17},"end":{"line":20,"column":36}},"1":{"start":{"line":22,"column":23},"end":{"line":32,"column":25}},"2":{"start":{"line":34,"column":0},"end":{"line":34,"column":60}}},"fnMap":{},"branchMap":{},"s":{"0":1,"1":1,"2":1},"f":{},"b":{},"_coverageSchema":"1a1c01bbd47fc00a2c39e90264f33305004495a9","hash":"07e3ae0690d70c2e794f3e508d51b6b40cf17444"}
,"C:\\Users\\elpip\\Desktop\\events-manager\\server\\models\\attivitaM.js": {"path":"C:\\Users\\elpip\\Desktop\\events-manager\\server\\models\\attivitaM.js","statementMap":{"0":{"start":{"line":1,"column":17},"end":{"line":1,"column":36}},"1":{"start":{"line":3,"column":23},"end":{"line":14,"column":28}},"2":{"start":{"line":16,"column":0},"end":{"line":16,"column":60}}},"fnMap":{},"branchMap":{},"s":{"0":1,"1":1,"2":1},"f":{},"b":{},"_coverageSchema":"1a1c01bbd47fc00a2c39e90264f33305004495a9","hash":"1a756a1c77fdcfd699d3262cc1fe7f97666bbc9a"}
,"C:\\Users\\elpip\\Desktop\\events-manager\\server\\models\\bannerM.js": {"path":"C:\\Users\\elpip\\Desktop\\events-manager\\server\\models\\bannerM.js","statementMap":{"0":{"start":{"line":1,"column":17},"end":{"line":1,"column":36}},"1":{"start":{"line":3,"column":21},"end":{"line":13,"column":29}},"2":{"start":{"line":16,"column":0},"end":{"line":16,"column":57}}},"fnMap":{},"branchMap":{},"s":{"0":1,"1":1,"2":1},"f":{},"b":{},"_coverageSchema":"1a1c01bbd47fc00a2c39e90264f33305004495a9","hash":"2259d1550df043ae1111ace0bb717b5ceea2ed54"}
,"C:\\Users\\elpip\\Desktop\\events-manager\\server\\models\\eventoM.js": {"path":"C:\\Users\\elpip\\Desktop\\events-manager\\server\\models\\eventoM.js","statementMap":{"0":{"start":{"line":1,"column":17},"end":{"line":1,"column":36}},"1":{"start":{"line":2,"column":21},"end":{"line":2,"column":50}},"2":{"start":{"line":3,"column":16},"end":{"line":3,"column":40}},"3":{"start":{"line":5,"column":21},"end":{"line":22,"column":28}},"4":{"start":{"line":24,"column":0},"end":{"line":24,"column":56}}},"fnMap":{},"branchMap":{},"s":{"0":1,"1":1,"2":1,"3":1,"4":1},"f":{},"b":{},"_coverageSchema":"1a1c01bbd47fc00a2c39e90264f33305004495a9","hash":"35241d1771918be178b07efcecf44687e6dc7d61"}
,"C:\\Users\\elpip\\Desktop\\events-manager\\server\\models\\personaM.js": {"path":"C:\\Users\\elpip\\Desktop\\events-manager\\server\\models\\personaM.js","statementMap":{"0":{"start":{"line":1,"column":17},"end":{"line":1,"column":36}},"1":{"start":{"line":3,"column":22},"end":{"line":15,"column":28}},"2":{"start":{"line":17,"column":0},"end":{"line":17,"column":58}}},"fnMap":{},"branchMap":{},"s":{"0":1,"1":1,"2":1},"f":{},"b":{},"_coverageSchema":"1a1c01bbd47fc00a2c39e90264f33305004495a9","hash":"c811b191e79731c88c35117066f88c19aacb12a7"}
,"C:\\Users\\elpip\\Desktop\\events-manager\\server\\models\\segnalazioneM.js": {"path":"C:\\Users\\elpip\\Desktop\\events-manager\\server\\models\\segnalazioneM.js","statementMap":{"0":{"start":{"line":1,"column":17},"end":{"line":1,"column":36}},"1":{"start":{"line":3,"column":27},"end":{"line":7,"column":32}},"2":{"start":{"line":9,"column":0},"end":{"line":9,"column":66}}},"fnMap":{},"branchMap":{},"s":{"0":1,"1":1,"2":1},"f":{},"b":{},"_coverageSchema":"1a1c01bbd47fc00a2c39e90264f33305004495a9","hash":"0426ebddd5b28ad77fff87d63f4fcdb845c6834e"}
,"C:\\Users\\elpip\\Desktop\\events-manager\\server\\routes\\amministratoriR.js": {"path":"C:\\Users\\elpip\\Desktop\\events-manager\\server\\routes\\amministratoriR.js","statementMap":{"0":{"start":{"line":1,"column":16},"end":{"line":1,"column":34}},"1":{"start":{"line":2,"column":15},"end":{"line":2,"column":31}},"2":{"start":{"line":3,"column":23},"end":{"line":3,"column":62}},"3":{"start":{"line":6,"column":0},"end":{"line":14,"column":3}},"4":{"start":{"line":7,"column":2},"end":{"line":13,"column":3}},"5":{"start":{"line":8,"column":27},"end":{"line":8,"column":55}},"6":{"start":{"line":9,"column":4},"end":{"line":9,"column":32}},"7":{"start":{"line":10,"column":4},"end":{"line":10,"column":41}},"8":{"start":{"line":12,"column":4},"end":{"line":12,"column":32}},"9":{"start":{"line":17,"column":0},"end":{"line":24,"column":3}},"10":{"start":{"line":18,"column":2},"end":{"line":23,"column":3}},"11":{"start":{"line":19,"column":27},"end":{"line":19,"column":54}},"12":{"start":{"line":20,"column":4},"end":{"line":20,"column":41}},"13":{"start":{"line":22,"column":4},"end":{"line":22,"column":51}},"14":{"start":{"line":27,"column":0},"end":{"line":38,"column":3}},"15":{"start":{"line":28,"column":2},"end":{"line":37,"column":3}},"16":{"start":{"line":29,"column":27},"end":{"line":29,"column":71}},"17":{"start":{"line":30,"column":4},"end":{"line":32,"column":5}},"18":{"start":{"line":31,"column":6},"end":{"line":31,"column":62}},"19":{"start":{"line":33,"column":4},"end":{"line":33,"column":41}},"20":{"start":{"line":35,"column":4},"end":{"line":35,"column":23}},"21":{"start":{"line":36,"column":4},"end":{"line":36,"column":41}},"22":{"start":{"line":41,"column":0},"end":{"line":50,"column":3}},"23":{"start":{"line":42,"column":15},"end":{"line":42,"column":30}},"24":{"start":{"line":43,"column":2},"end":{"line":49,"column":3}},"25":{"start":{"line":44,"column":27},"end":{"line":44,"column":62}},"26":{"start":{"line":45,"column":4},"end":{"line":45,"column":41}},"27":{"start":{"line":47,"column":4},"end":{"line":47,"column":23}},"28":{"start":{"line":48,"column":4},"end":{"line":48,"column":63}},"29":{"start":{"line":53,"column":0},"end":{"line":64,"column":3}},"30":{"start":{"line":54,"column":2},"end":{"line":63,"column":3}},"31":{"start":{"line":55,"column":36},"end":{"line":55,"column":89}},"32":{"start":{"line":56,"column":4},"end":{"line":58,"column":5}},"33":{"start":{"line":57,"column":6},"end":{"line":57,"column":62}},"34":{"start":{"line":59,"column":4},"end":{"line":59,"column":50}},"35":{"start":{"line":61,"column":4},"end":{"line":61,"column":23}},"36":{"start":{"line":62,"column":4},"end":{"line":62,"column":41}},"37":{"start":{"line":67,"column":0},"end":{"line":80,"column":3}},"38":{"start":{"line":68,"column":2},"end":{"line":79,"column":3}},"39":{"start":{"line":69,"column":37},"end":{"line":71,"column":6}},"40":{"start":{"line":72,"column":4},"end":{"line":74,"column":5}},"41":{"start":{"line":73,"column":6},"end":{"line":73,"column":62}},"42":{"start":{"line":75,"column":4},"end":{"line":75,"column":51}},"43":{"start":{"line":77,"column":4},"end":{"line":77,"column":23}},"44":{"start":{"line":78,"column":4},"end":{"line":78,"column":41}},"45":{"start":{"line":82,"column":0},"end":{"line":82,"column":24}}},"fnMap":{"0":{"name":"(anonymous_0)","decl":{"start":{"line":6,"column":31},"end":{"line":6,"column":32}},"loc":{"start":{"line":6,"column":51},"end":{"line":14,"column":1}},"line":6},"1":{"name":"(anonymous_1)","decl":{"start":{"line":17,"column":30},"end":{"line":17,"column":31}},"loc":{"start":{"line":17,"column":50},"end":{"line":24,"column":1}},"line":17},"2":{"name":"(anonymous_2)","decl":{"start":{"line":27,"column":34},"end":{"line":27,"column":35}},"loc":{"start":{"line":27,"column":54},"end":{"line":38,"column":1}},"line":27},"3":{"name":"(anonymous_3)","decl":{"start":{"line":41,"column":41},"end":{"line":41,"column":42}},"loc":{"start":{"line":41,"column":61},"end":{"line":50,"column":1}},"line":41},"4":{"name":"(anonymous_4)","decl":{"start":{"line":53,"column":37},"end":{"line":53,"column":38}},"loc":{"start":{"line":53,"column":57},"end":{"line":64,"column":1}},"line":53},"5":{"name":"(anonymous_5)","decl":{"start":{"line":67,"column":34},"end":{"line":67,"column":35}},"loc":{"start":{"line":67,"column":54},"end":{"line":80,"column":1}},"line":67}},"branchMap":{"0":{"loc":{"start":{"line":30,"column":4},"end":{"line":32,"column":5}},"type":"if","locations":[{"start":{"line":30,"column":4},"end":{"line":32,"column":5}},{"start":{},"end":{}}],"line":30},"1":{"loc":{"start":{"line":56,"column":4},"end":{"line":58,"column":5}},"type":"if","locations":[{"start":{"line":56,"column":4},"end":{"line":58,"column":5}},{"start":{},"end":{}}],"line":56},"2":{"loc":{"start":{"line":72,"column":4},"end":{"line":74,"column":5}},"type":"if","locations":[{"start":{"line":72,"column":4},"end":{"line":74,"column":5}},{"start":{},"end":{}}],"line":72}},"s":{"0":1,"1":1,"2":1,"3":1,"4":0,"5":0,"6":0,"7":0,"8":0,"9":1,"10":0,"11":0,"12":0,"13":0,"14":1,"15":0,"16":0,"17":0,"18":0,"19":0,"20":0,"21":0,"22":1,"23":0,"24":0,"25":0,"26":0,"27":0,"28":0,"29":1,"30":0,"31":0,"32":0,"33":0,"34":0,"35":0,"36":0,"37":1,"38":0,"39":0,"40":0,"41":0,"42":0,"43":0,"44":0,"45":1},"f":{"0":0,"1":0,"2":0,"3":0,"4":0,"5":0},"b":{"0":[0,0],"1":[0,0],"2":[0,0]},"_coverageSchema":"1a1c01bbd47fc00a2c39e90264f33305004495a9","hash":"3f729869b972c543b44047d56438c9eb97e5c754"}
,"C:\\Users\\elpip\\Desktop\\events-manager\\server\\routes\\annunciR.js": {"path":"C:\\Users\\elpip\\Desktop\\events-manager\\server\\routes\\annunciR.js","statementMap":{"0":{"start":{"line":1,"column":16},"end":{"line":1,"column":34}},"1":{"start":{"line":2,"column":15},"end":{"line":2,"column":31}},"2":{"start":{"line":3,"column":17},"end":{"line":3,"column":50}},"3":{"start":{"line":4,"column":21},"end":{"line":4,"column":62}},"4":{"start":{"line":7,"column":0},"end":{"line":19,"column":3}},"5":{"start":{"line":8,"column":2},"end":{"line":18,"column":3}},"6":{"start":{"line":9,"column":25},"end":{"line":9,"column":33}},"7":{"start":{"line":10,"column":26},"end":{"line":10,"column":43}},"8":{"start":{"line":11,"column":4},"end":{"line":11,"column":49}},"9":{"start":{"line":13,"column":21},"end":{"line":13,"column":47}},"10":{"start":{"line":14,"column":4},"end":{"line":14,"column":26}},"11":{"start":{"line":15,"column":4},"end":{"line":15,"column":35}},"12":{"start":{"line":17,"column":4},"end":{"line":17,"column":56}},"13":{"start":{"line":22,"column":0},"end":{"line":29,"column":3}},"14":{"start":{"line":23,"column":2},"end":{"line":28,"column":3}},"15":{"start":{"line":24,"column":20},"end":{"line":24,"column":41}},"16":{"start":{"line":25,"column":4},"end":{"line":25,"column":22}},"17":{"start":{"line":27,"column":4},"end":{"line":27,"column":51}},"18":{"start":{"line":32,"column":0},"end":{"line":45,"column":3}},"19":{"start":{"line":33,"column":2},"end":{"line":44,"column":3}},"20":{"start":{"line":34,"column":4},"end":{"line":34,"column":31}},"21":{"start":{"line":35,"column":21},"end":{"line":35,"column":59}},"22":{"start":{"line":37,"column":4},"end":{"line":39,"column":5}},"23":{"start":{"line":38,"column":6},"end":{"line":38,"column":56}},"24":{"start":{"line":40,"column":4},"end":{"line":40,"column":23}},"25":{"start":{"line":42,"column":4},"end":{"line":42,"column":31}},"26":{"start":{"line":43,"column":4},"end":{"line":43,"column":41}},"27":{"start":{"line":50,"column":2},"end":{"line":59,"column":3}},"28":{"start":{"line":51,"column":4},"end":{"line":51,"column":53}},"29":{"start":{"line":52,"column":4},"end":{"line":52,"column":26}},"30":{"start":{"line":53,"column":4},"end":{"line":55,"column":5}},"31":{"start":{"line":54,"column":6},"end":{"line":54,"column":57}},"32":{"start":{"line":57,"column":4},"end":{"line":57,"column":29}},"33":{"start":{"line":58,"column":4},"end":{"line":58,"column":66}},"34":{"start":{"line":60,"column":2},"end":{"line":60,"column":25}},"35":{"start":{"line":61,"column":2},"end":{"line":61,"column":8}},"36":{"start":{"line":65,"column":0},"end":{"line":84,"column":3}},"37":{"start":{"line":66,"column":2},"end":{"line":83,"column":3}},"38":{"start":{"line":67,"column":24},"end":{"line":67,"column":47}},"39":{"start":{"line":68,"column":26},"end":{"line":68,"column":43}},"40":{"start":{"line":71,"column":4},"end":{"line":75,"column":5}},"41":{"start":{"line":72,"column":6},"end":{"line":72,"column":58}},"42":{"start":{"line":73,"column":6},"end":{"line":73,"column":58}},"43":{"start":{"line":77,"column":20},"end":{"line":77,"column":70}},"44":{"start":{"line":79,"column":4},"end":{"line":79,"column":22}},"45":{"start":{"line":82,"column":4},"end":{"line":82,"column":40}},"46":{"start":{"line":87,"column":0},"end":{"line":104,"column":3}},"47":{"start":{"line":88,"column":2},"end":{"line":103,"column":3}},"48":{"start":{"line":89,"column":26},"end":{"line":89,"column":43}},"49":{"start":{"line":90,"column":21},"end":{"line":90,"column":33}},"50":{"start":{"line":92,"column":4},"end":{"line":94,"column":5}},"51":{"start":{"line":93,"column":6},"end":{"line":93,"column":57}},"52":{"start":{"line":95,"column":4},"end":{"line":95,"column":26}},"53":{"start":{"line":97,"column":4},"end":{"line":97,"column":25}},"54":{"start":{"line":99,"column":4},"end":{"line":99,"column":46}},"55":{"start":{"line":101,"column":4},"end":{"line":101,"column":31}},"56":{"start":{"line":102,"column":4},"end":{"line":102,"column":64}},"57":{"start":{"line":107,"column":0},"end":{"line":130,"column":3}},"58":{"start":{"line":108,"column":2},"end":{"line":129,"column":3}},"59":{"start":{"line":109,"column":26},"end":{"line":109,"column":43}},"60":{"start":{"line":110,"column":21},"end":{"line":110,"column":33}},"61":{"start":{"line":113,"column":4},"end":{"line":115,"column":5}},"62":{"start":{"line":114,"column":6},"end":{"line":114,"column":57}},"63":{"start":{"line":118,"column":51},"end":{"line":118,"column":59}},"64":{"start":{"line":121,"column":4},"end":{"line":121,"column":43}},"65":{"start":{"line":123,"column":31},"end":{"line":123,"column":52}},"66":{"start":{"line":125,"column":4},"end":{"line":125,"column":33}},"67":{"start":{"line":127,"column":4},"end":{"line":127,"column":23}},"68":{"start":{"line":128,"column":4},"end":{"line":128,"column":41}},"69":{"start":{"line":132,"column":0},"end":{"line":132,"column":24}}},"fnMap":{"0":{"name":"(anonymous_0)","decl":{"start":{"line":7,"column":38},"end":{"line":7,"column":39}},"loc":{"start":{"line":7,"column":58},"end":{"line":19,"column":1}},"line":7},"1":{"name":"(anonymous_1)","decl":{"start":{"line":22,"column":23},"end":{"line":22,"column":24}},"loc":{"start":{"line":22,"column":43},"end":{"line":29,"column":1}},"line":22},"2":{"name":"(anonymous_2)","decl":{"start":{"line":32,"column":27},"end":{"line":32,"column":28}},"loc":{"start":{"line":32,"column":47},"end":{"line":45,"column":1}},"line":32},"3":{"name":"getAnnuncio","decl":{"start":{"line":48,"column":15},"end":{"line":48,"column":26}},"loc":{"start":{"line":48,"column":43},"end":{"line":62,"column":1}},"line":48},"4":{"name":"(anonymous_4)","decl":{"start":{"line":65,"column":61},"end":{"line":65,"column":62}},"loc":{"start":{"line":65,"column":81},"end":{"line":84,"column":1}},"line":65},"5":{"name":"(anonymous_5)","decl":{"start":{"line":87,"column":57},"end":{"line":87,"column":58}},"loc":{"start":{"line":87,"column":77},"end":{"line":104,"column":1}},"line":87},"6":{"name":"(anonymous_6)","decl":{"start":{"line":107,"column":56},"end":{"line":107,"column":57}},"loc":{"start":{"line":107,"column":76},"end":{"line":130,"column":1}},"line":107}},"branchMap":{"0":{"loc":{"start":{"line":37,"column":4},"end":{"line":39,"column":5}},"type":"if","locations":[{"start":{"line":37,"column":4},"end":{"line":39,"column":5}},{"start":{},"end":{}}],"line":37},"1":{"loc":{"start":{"line":53,"column":4},"end":{"line":55,"column":5}},"type":"if","locations":[{"start":{"line":53,"column":4},"end":{"line":55,"column":5}},{"start":{},"end":{}}],"line":53},"2":{"loc":{"start":{"line":71,"column":4},"end":{"line":75,"column":5}},"type":"if","locations":[{"start":{"line":71,"column":4},"end":{"line":75,"column":5}},{"start":{},"end":{}}],"line":71},"3":{"loc":{"start":{"line":92,"column":4},"end":{"line":94,"column":5}},"type":"if","locations":[{"start":{"line":92,"column":4},"end":{"line":94,"column":5}},{"start":{},"end":{}}],"line":92},"4":{"loc":{"start":{"line":113,"column":4},"end":{"line":115,"column":5}},"type":"if","locations":[{"start":{"line":113,"column":4},"end":{"line":115,"column":5}},{"start":{},"end":{}}],"line":113}},"s":{"0":1,"1":1,"2":1,"3":1,"4":1,"5":2,"6":2,"7":2,"8":2,"9":2,"10":2,"11":1,"12":1,"13":1,"14":2,"15":2,"16":1,"17":1,"18":1,"19":3,"20":3,"21":3,"22":2,"23":1,"24":1,"25":1,"26":1,"27":7,"28":7,"29":7,"30":7,"31":1,"32":0,"33":0,"34":6,"35":6,"36":1,"37":3,"38":3,"39":3,"40":3,"41":1,"42":1,"43":2,"44":1,"45":1,"46":1,"47":3,"48":3,"49":3,"50":3,"51":1,"52":2,"53":2,"54":1,"55":1,"56":1,"57":1,"58":3,"59":3,"60":3,"61":3,"62":1,"63":2,"64":2,"65":2,"66":1,"67":1,"68":1,"69":1},"f":{"0":2,"1":2,"2":3,"3":7,"4":3,"5":3,"6":3},"b":{"0":[1,1],"1":[1,6],"2":[1,2],"3":[1,2],"4":[1,2]},"_coverageSchema":"1a1c01bbd47fc00a2c39e90264f33305004495a9","hash":"fbdf25348fd4da4c98d6c601c120b90eb3831c38"}
,"C:\\Users\\elpip\\Desktop\\events-manager\\server\\routes\\attivitaR.js": {"path":"C:\\Users\\elpip\\Desktop\\events-manager\\server\\routes\\attivitaR.js","statementMap":{"0":{"start":{"line":1,"column":0},"end":{"line":1,"column":47}},"1":{"start":{"line":3,"column":16},"end":{"line":3,"column":34}},"2":{"start":{"line":4,"column":15},"end":{"line":4,"column":31}},"3":{"start":{"line":5,"column":15},"end":{"line":5,"column":32}},"4":{"start":{"line":6,"column":12},"end":{"line":6,"column":35}},"5":{"start":{"line":7,"column":17},"end":{"line":7,"column":47}},"6":{"start":{"line":11,"column":0},"end":{"line":28,"column":2}},"7":{"start":{"line":12,"column":2},"end":{"line":12,"column":23}},"8":{"start":{"line":13,"column":2},"end":{"line":27,"column":3}},"9":{"start":{"line":14,"column":29},"end":{"line":14,"column":69}},"10":{"start":{"line":15,"column":21},"end":{"line":23,"column":6}},"11":{"start":{"line":24,"column":4},"end":{"line":24,"column":73}},"12":{"start":{"line":26,"column":4},"end":{"line":26,"column":64}},"13":{"start":{"line":54,"column":0},"end":{"line":61,"column":2}},"14":{"start":{"line":55,"column":4},"end":{"line":60,"column":5}},"15":{"start":{"line":56,"column":25},"end":{"line":56,"column":46}},"16":{"start":{"line":57,"column":8},"end":{"line":57,"column":26}},"17":{"start":{"line":59,"column":8},"end":{"line":59,"column":54}},"18":{"start":{"line":67,"column":4},"end":{"line":74,"column":5}},"19":{"start":{"line":68,"column":6},"end":{"line":68,"column":55}},"20":{"start":{"line":69,"column":6},"end":{"line":71,"column":7}},"21":{"start":{"line":70,"column":8},"end":{"line":70,"column":70}},"22":{"start":{"line":73,"column":6},"end":{"line":73,"column":59}},"23":{"start":{"line":76,"column":4},"end":{"line":76,"column":27}},"24":{"start":{"line":77,"column":4},"end":{"line":77,"column":10}},"25":{"start":{"line":82,"column":0},"end":{"line":114,"column":2}},"26":{"start":{"line":83,"column":2},"end":{"line":85,"column":3}},"27":{"start":{"line":84,"column":4},"end":{"line":84,"column":39}},"28":{"start":{"line":86,"column":2},"end":{"line":89,"column":3}},"29":{"start":{"line":87,"column":29},"end":{"line":87,"column":69}},"30":{"start":{"line":88,"column":4},"end":{"line":88,"column":44}},"31":{"start":{"line":90,"column":2},"end":{"line":92,"column":3}},"32":{"start":{"line":91,"column":4},"end":{"line":91,"column":53}},"33":{"start":{"line":93,"column":2},"end":{"line":95,"column":3}},"34":{"start":{"line":94,"column":4},"end":{"line":94,"column":47}},"35":{"start":{"line":96,"column":2},"end":{"line":98,"column":3}},"36":{"start":{"line":97,"column":4},"end":{"line":97,"column":45}},"37":{"start":{"line":99,"column":2},"end":{"line":101,"column":3}},"38":{"start":{"line":100,"column":4},"end":{"line":100,"column":49}},"39":{"start":{"line":102,"column":2},"end":{"line":104,"column":3}},"40":{"start":{"line":103,"column":4},"end":{"line":103,"column":37}},"41":{"start":{"line":105,"column":2},"end":{"line":107,"column":3}},"42":{"start":{"line":106,"column":4},"end":{"line":106,"column":61}},"43":{"start":{"line":108,"column":2},"end":{"line":113,"column":3}},"44":{"start":{"line":109,"column":24},"end":{"line":109,"column":49}},"45":{"start":{"line":110,"column":4},"end":{"line":110,"column":25}},"46":{"start":{"line":112,"column":4},"end":{"line":112,"column":50}},"47":{"start":{"line":118,"column":0},"end":{"line":120,"column":2}},"48":{"start":{"line":119,"column":2},"end":{"line":119,"column":24}},"49":{"start":{"line":124,"column":0},"end":{"line":131,"column":2}},"50":{"start":{"line":125,"column":4},"end":{"line":130,"column":5}},"51":{"start":{"line":126,"column":6},"end":{"line":126,"column":36}},"52":{"start":{"line":127,"column":6},"end":{"line":127,"column":59}},"53":{"start":{"line":129,"column":6},"end":{"line":129,"column":52}},"54":{"start":{"line":133,"column":0},"end":{"line":133,"column":24}}},"fnMap":{"0":{"name":"(anonymous_0)","decl":{"start":{"line":11,"column":34},"end":{"line":11,"column":35}},"loc":{"start":{"line":11,"column":54},"end":{"line":28,"column":1}},"line":11},"1":{"name":"(anonymous_1)","decl":{"start":{"line":54,"column":24},"end":{"line":54,"column":25}},"loc":{"start":{"line":54,"column":44},"end":{"line":61,"column":1}},"line":54},"2":{"name":"getAttivita","decl":{"start":{"line":65,"column":15},"end":{"line":65,"column":26}},"loc":{"start":{"line":65,"column":43},"end":{"line":78,"column":1}},"line":65},"3":{"name":"(anonymous_3)","decl":{"start":{"line":82,"column":41},"end":{"line":82,"column":42}},"loc":{"start":{"line":82,"column":61},"end":{"line":114,"column":1}},"line":82},"4":{"name":"(anonymous_4)","decl":{"start":{"line":118,"column":41},"end":{"line":118,"column":42}},"loc":{"start":{"line":118,"column":55},"end":{"line":120,"column":1}},"line":118},"5":{"name":"(anonymous_5)","decl":{"start":{"line":124,"column":44},"end":{"line":124,"column":45}},"loc":{"start":{"line":124,"column":64},"end":{"line":131,"column":1}},"line":124}},"branchMap":{"0":{"loc":{"start":{"line":69,"column":6},"end":{"line":71,"column":7}},"type":"if","locations":[{"start":{"line":69,"column":6},"end":{"line":71,"column":7}},{"start":{},"end":{}}],"line":69},"1":{"loc":{"start":{"line":83,"column":2},"end":{"line":85,"column":3}},"type":"if","locations":[{"start":{"line":83,"column":2},"end":{"line":85,"column":3}},{"start":{},"end":{}}],"line":83},"2":{"loc":{"start":{"line":86,"column":2},"end":{"line":89,"column":3}},"type":"if","locations":[{"start":{"line":86,"column":2},"end":{"line":89,"column":3}},{"start":{},"end":{}}],"line":86},"3":{"loc":{"start":{"line":90,"column":2},"end":{"line":92,"column":3}},"type":"if","locations":[{"start":{"line":90,"column":2},"end":{"line":92,"column":3}},{"start":{},"end":{}}],"line":90},"4":{"loc":{"start":{"line":93,"column":2},"end":{"line":95,"column":3}},"type":"if","locations":[{"start":{"line":93,"column":2},"end":{"line":95,"column":3}},{"start":{},"end":{}}],"line":93},"5":{"loc":{"start":{"line":96,"column":2},"end":{"line":98,"column":3}},"type":"if","locations":[{"start":{"line":96,"column":2},"end":{"line":98,"column":3}},{"start":{},"end":{}}],"line":96},"6":{"loc":{"start":{"line":99,"column":2},"end":{"line":101,"column":3}},"type":"if","locations":[{"start":{"line":99,"column":2},"end":{"line":101,"column":3}},{"start":{},"end":{}}],"line":99},"7":{"loc":{"start":{"line":102,"column":2},"end":{"line":104,"column":3}},"type":"if","locations":[{"start":{"line":102,"column":2},"end":{"line":104,"column":3}},{"start":{},"end":{}}],"line":102},"8":{"loc":{"start":{"line":105,"column":2},"end":{"line":107,"column":3}},"type":"if","locations":[{"start":{"line":105,"column":2},"end":{"line":107,"column":3}},{"start":{},"end":{}}],"line":105}},"s":{"0":1,"1":1,"2":1,"3":1,"4":1,"5":1,"6":1,"7":0,"8":0,"9":0,"10":0,"11":0,"12":0,"13":1,"14":0,"15":0,"16":0,"17":0,"18":0,"19":0,"20":0,"21":0,"22":0,"23":0,"24":0,"25":1,"26":0,"27":0,"28":0,"29":0,"30":0,"31":0,"32":0,"33":0,"34":0,"35":0,"36":0,"37":0,"38":0,"39":0,"40":0,"41":0,"42":0,"43":0,"44":0,"45":0,"46":0,"47":1,"48":0,"49":1,"50":0,"51":0,"52":0,"53":0,"54":1},"f":{"0":0,"1":0,"2":0,"3":0,"4":0,"5":0},"b":{"0":[0,0],"1":[0,0],"2":[0,0],"3":[0,0],"4":[0,0],"5":[0,0],"6":[0,0],"7":[0,0],"8":[0,0]},"_coverageSchema":"1a1c01bbd47fc00a2c39e90264f33305004495a9","hash":"1290dfa0ac1ce8fbbb467497cc9d1f17498d9d1b"}
,"C:\\Users\\elpip\\Desktop\\events-manager\\server\\routes\\autenticazione.js": {"path":"C:\\Users\\elpip\\Desktop\\events-manager\\server\\routes\\autenticazione.js","statementMap":{"0":{"start":{"line":1,"column":0},"end":{"line":1,"column":47}},"1":{"start":{"line":3,"column":16},"end":{"line":3,"column":34}},"2":{"start":{"line":4,"column":15},"end":{"line":4,"column":31}},"3":{"start":{"line":5,"column":15},"end":{"line":5,"column":32}},"4":{"start":{"line":6,"column":12},"end":{"line":6,"column":35}},"5":{"start":{"line":7,"column":16},"end":{"line":7,"column":45}},"6":{"start":{"line":8,"column":17},"end":{"line":8,"column":47}},"7":{"start":{"line":11,"column":0},"end":{"line":37,"column":2}},"8":{"start":{"line":12,"column":20},"end":{"line":12,"column":86}},"9":{"start":{"line":13,"column":21},"end":{"line":13,"column":89}},"10":{"start":{"line":15,"column":4},"end":{"line":17,"column":5}},"11":{"start":{"line":16,"column":6},"end":{"line":16,"column":83}},"12":{"start":{"line":18,"column":4},"end":{"line":24,"column":5}},"13":{"start":{"line":19,"column":21},"end":{"line":19,"column":28}},"14":{"start":{"line":20,"column":11},"end":{"line":24,"column":5}},"15":{"start":{"line":21,"column":21},"end":{"line":21,"column":29}},"16":{"start":{"line":23,"column":8},"end":{"line":23,"column":65}},"17":{"start":{"line":25,"column":4},"end":{"line":36,"column":5}},"18":{"start":{"line":26,"column":8},"end":{"line":33,"column":9}},"19":{"start":{"line":27,"column":26},"end":{"line":27,"column":49}},"20":{"start":{"line":28,"column":26},"end":{"line":28,"column":48}},"21":{"start":{"line":29,"column":24},"end":{"line":29,"column":76}},"22":{"start":{"line":30,"column":12},"end":{"line":30,"column":158}},"23":{"start":{"line":32,"column":12},"end":{"line":32,"column":88}},"24":{"start":{"line":35,"column":8},"end":{"line":35,"column":65}},"25":{"start":{"line":39,"column":0},"end":{"line":39,"column":24}}},"fnMap":{"0":{"name":"(anonymous_0)","decl":{"start":{"line":11,"column":22},"end":{"line":11,"column":23}},"loc":{"start":{"line":11,"column":42},"end":{"line":37,"column":1}},"line":11}},"branchMap":{"0":{"loc":{"start":{"line":15,"column":4},"end":{"line":17,"column":5}},"type":"if","locations":[{"start":{"line":15,"column":4},"end":{"line":17,"column":5}},{"start":{},"end":{}}],"line":15},"1":{"loc":{"start":{"line":15,"column":7},"end":{"line":15,"column":42}},"type":"binary-expr","locations":[{"start":{"line":15,"column":7},"end":{"line":15,"column":22}},{"start":{"line":15,"column":26},"end":{"line":15,"column":42}}],"line":15},"2":{"loc":{"start":{"line":18,"column":4},"end":{"line":24,"column":5}},"type":"if","locations":[{"start":{"line":18,"column":4},"end":{"line":24,"column":5}},{"start":{"line":20,"column":11},"end":{"line":24,"column":5}}],"line":18},"3":{"loc":{"start":{"line":20,"column":11},"end":{"line":24,"column":5}},"type":"if","locations":[{"start":{"line":20,"column":11},"end":{"line":24,"column":5}},{"start":{"line":22,"column":10},"end":{"line":24,"column":5}}],"line":20},"4":{"loc":{"start":{"line":26,"column":8},"end":{"line":33,"column":9}},"type":"if","locations":[{"start":{"line":26,"column":8},"end":{"line":33,"column":9}},{"start":{"line":31,"column":15},"end":{"line":33,"column":9}}],"line":26}},"s":{"0":1,"1":1,"2":1,"3":1,"4":1,"5":1,"6":1,"7":1,"8":0,"9":0,"10":0,"11":0,"12":0,"13":0,"14":0,"15":0,"16":0,"17":0,"18":0,"19":0,"20":0,"21":0,"22":0,"23":0,"24":0,"25":1},"f":{"0":0},"b":{"0":[0,0],"1":[0,0],"2":[0,0],"3":[0,0],"4":[0,0]},"_coverageSchema":"1a1c01bbd47fc00a2c39e90264f33305004495a9","hash":"e6fe055054a9ef3bded4701ae2cc8b155fe8ae34"}
,"C:\\Users\\elpip\\Desktop\\events-manager\\server\\routes\\bannerR.js": {"path":"C:\\Users\\elpip\\Desktop\\events-manager\\server\\routes\\bannerR.js","statementMap":{"0":{"start":{"line":1,"column":16},"end":{"line":1,"column":34}},"1":{"start":{"line":2,"column":15},"end":{"line":2,"column":31}},"2":{"start":{"line":3,"column":15},"end":{"line":3,"column":46}},"3":{"start":{"line":5,"column":11},"end":{"line":5,"column":24}},"4":{"start":{"line":8,"column":0},"end":{"line":15,"column":2}},"5":{"start":{"line":9,"column":4},"end":{"line":14,"column":5}},"6":{"start":{"line":10,"column":23},"end":{"line":10,"column":42}},"7":{"start":{"line":11,"column":8},"end":{"line":11,"column":36}},"8":{"start":{"line":13,"column":8},"end":{"line":13,"column":54}},"9":{"start":{"line":18,"column":0},"end":{"line":27,"column":2}},"10":{"start":{"line":19,"column":4},"end":{"line":26,"column":5}},"11":{"start":{"line":20,"column":23},"end":{"line":22,"column":9}},"12":{"start":{"line":23,"column":8},"end":{"line":23,"column":36}},"13":{"start":{"line":25,"column":8},"end":{"line":25,"column":54}},"14":{"start":{"line":30,"column":0},"end":{"line":39,"column":2}},"15":{"start":{"line":31,"column":4},"end":{"line":38,"column":5}},"16":{"start":{"line":32,"column":23},"end":{"line":34,"column":9}},"17":{"start":{"line":35,"column":8},"end":{"line":35,"column":36}},"18":{"start":{"line":37,"column":8},"end":{"line":37,"column":54}},"19":{"start":{"line":42,"column":0},"end":{"line":62,"column":2}},"20":{"start":{"line":44,"column":19},"end":{"line":44,"column":39}},"21":{"start":{"line":46,"column":4},"end":{"line":49,"column":5}},"22":{"start":{"line":47,"column":8},"end":{"line":47,"column":25}},"23":{"start":{"line":48,"column":8},"end":{"line":48,"column":92}},"24":{"start":{"line":51,"column":4},"end":{"line":54,"column":5}},"25":{"start":{"line":52,"column":8},"end":{"line":52,"column":24}},"26":{"start":{"line":53,"column":8},"end":{"line":53,"column":91}},"27":{"start":{"line":56,"column":4},"end":{"line":61,"column":5}},"28":{"start":{"line":57,"column":26},"end":{"line":57,"column":45}},"29":{"start":{"line":58,"column":8},"end":{"line":58,"column":39}},"30":{"start":{"line":60,"column":8},"end":{"line":60,"column":54}},"31":{"start":{"line":71,"column":4},"end":{"line":78,"column":5}},"32":{"start":{"line":72,"column":6},"end":{"line":72,"column":51}},"33":{"start":{"line":73,"column":6},"end":{"line":75,"column":7}},"34":{"start":{"line":74,"column":8},"end":{"line":74,"column":70}},"35":{"start":{"line":77,"column":6},"end":{"line":77,"column":59}},"36":{"start":{"line":80,"column":4},"end":{"line":80,"column":23}},"37":{"start":{"line":82,"column":4},"end":{"line":82,"column":10}},"38":{"start":{"line":86,"column":0},"end":{"line":88,"column":2}},"39":{"start":{"line":87,"column":4},"end":{"line":87,"column":36}},"40":{"start":{"line":91,"column":0},"end":{"line":98,"column":2}},"41":{"start":{"line":92,"column":4},"end":{"line":97,"column":5}},"42":{"start":{"line":93,"column":6},"end":{"line":93,"column":34}},"43":{"start":{"line":94,"column":6},"end":{"line":94,"column":59}},"44":{"start":{"line":96,"column":6},"end":{"line":96,"column":52}},"45":{"start":{"line":114,"column":0},"end":{"line":128,"column":2}},"46":{"start":{"line":115,"column":4},"end":{"line":121,"column":5}},"47":{"start":{"line":116,"column":8},"end":{"line":120,"column":10}},"48":{"start":{"line":117,"column":12},"end":{"line":119,"column":13}},"49":{"start":{"line":118,"column":16},"end":{"line":118,"column":49}},"50":{"start":{"line":122,"column":4},"end":{"line":127,"column":5}},"51":{"start":{"line":123,"column":30},"end":{"line":123,"column":53}},"52":{"start":{"line":124,"column":8},"end":{"line":124,"column":31}},"53":{"start":{"line":126,"column":8},"end":{"line":126,"column":54}},"54":{"start":{"line":133,"column":17},"end":{"line":133,"column":27}},"55":{"start":{"line":134,"column":19},"end":{"line":134,"column":34}},"56":{"start":{"line":135,"column":4},"end":{"line":158,"column":5}},"57":{"start":{"line":138,"column":8},"end":{"line":140,"column":9}},"58":{"start":{"line":139,"column":12},"end":{"line":139,"column":81}},"59":{"start":{"line":143,"column":8},"end":{"line":154,"column":9}},"60":{"start":{"line":144,"column":12},"end":{"line":144,"column":35}},"61":{"start":{"line":146,"column":13},"end":{"line":154,"column":9}},"62":{"start":{"line":147,"column":12},"end":{"line":147,"column":36}},"63":{"start":{"line":149,"column":13},"end":{"line":154,"column":9}},"64":{"start":{"line":150,"column":12},"end":{"line":150,"column":39}},"65":{"start":{"line":153,"column":12},"end":{"line":153,"column":101}},"66":{"start":{"line":157,"column":6},"end":{"line":157,"column":59}},"67":{"start":{"line":160,"column":4},"end":{"line":160,"column":23}},"68":{"start":{"line":162,"column":4},"end":{"line":162,"column":10}},"69":{"start":{"line":165,"column":0},"end":{"line":174,"column":3}},"70":{"start":{"line":166,"column":17},"end":{"line":166,"column":27}},"71":{"start":{"line":167,"column":4},"end":{"line":167,"column":62}},"72":{"start":{"line":168,"column":4},"end":{"line":173,"column":5}},"73":{"start":{"line":169,"column":8},"end":{"line":169,"column":28}},"74":{"start":{"line":170,"column":8},"end":{"line":170,"column":23}},"75":{"start":{"line":172,"column":8},"end":{"line":172,"column":54}},"76":{"start":{"line":176,"column":0},"end":{"line":176,"column":24}}},"fnMap":{"0":{"name":"(anonymous_0)","decl":{"start":{"line":8,"column":23},"end":{"line":8,"column":24}},"loc":{"start":{"line":8,"column":43},"end":{"line":15,"column":1}},"line":8},"1":{"name":"(anonymous_1)","decl":{"start":{"line":18,"column":33},"end":{"line":18,"column":34}},"loc":{"start":{"line":18,"column":53},"end":{"line":27,"column":1}},"line":18},"2":{"name":"(anonymous_2)","decl":{"start":{"line":30,"column":34},"end":{"line":30,"column":35}},"loc":{"start":{"line":30,"column":54},"end":{"line":39,"column":1}},"line":30},"3":{"name":"(anonymous_3)","decl":{"start":{"line":42,"column":24},"end":{"line":42,"column":25}},"loc":{"start":{"line":42,"column":44},"end":{"line":62,"column":1}},"line":42},"4":{"name":"getBanner","decl":{"start":{"line":69,"column":15},"end":{"line":69,"column":24}},"loc":{"start":{"line":69,"column":41},"end":{"line":83,"column":1}},"line":69},"5":{"name":"(anonymous_5)","decl":{"start":{"line":86,"column":38},"end":{"line":86,"column":39}},"loc":{"start":{"line":86,"column":52},"end":{"line":88,"column":1}},"line":86},"6":{"name":"(anonymous_6)","decl":{"start":{"line":91,"column":41},"end":{"line":91,"column":42}},"loc":{"start":{"line":91,"column":61},"end":{"line":98,"column":1}},"line":91},"7":{"name":"(anonymous_7)","decl":{"start":{"line":114,"column":38},"end":{"line":114,"column":39}},"loc":{"start":{"line":114,"column":58},"end":{"line":128,"column":1}},"line":114},"8":{"name":"(anonymous_8)","decl":{"start":{"line":116,"column":38},"end":{"line":116,"column":39}},"loc":{"start":{"line":116,"column":46},"end":{"line":120,"column":9}},"line":116},"9":{"name":"defineAction","decl":{"start":{"line":132,"column":15},"end":{"line":132,"column":27}},"loc":{"start":{"line":132,"column":44},"end":{"line":163,"column":1}},"line":132},"10":{"name":"(anonymous_10)","decl":{"start":{"line":165,"column":53},"end":{"line":165,"column":54}},"loc":{"start":{"line":165,"column":73},"end":{"line":174,"column":1}},"line":165}},"branchMap":{"0":{"loc":{"start":{"line":46,"column":4},"end":{"line":49,"column":5}},"type":"if","locations":[{"start":{"line":46,"column":4},"end":{"line":49,"column":5}},{"start":{},"end":{}}],"line":46},"1":{"loc":{"start":{"line":46,"column":7},"end":{"line":46,"column":46}},"type":"binary-expr","locations":[{"start":{"line":46,"column":7},"end":{"line":46,"column":22}},{"start":{"line":46,"column":26},"end":{"line":46,"column":46}}],"line":46},"2":{"loc":{"start":{"line":51,"column":4},"end":{"line":54,"column":5}},"type":"if","locations":[{"start":{"line":51,"column":4},"end":{"line":54,"column":5}},{"start":{},"end":{}}],"line":51},"3":{"loc":{"start":{"line":51,"column":7},"end":{"line":51,"column":44}},"type":"binary-expr","locations":[{"start":{"line":51,"column":7},"end":{"line":51,"column":21}},{"start":{"line":51,"column":25},"end":{"line":51,"column":44}}],"line":51},"4":{"loc":{"start":{"line":73,"column":6},"end":{"line":75,"column":7}},"type":"if","locations":[{"start":{"line":73,"column":6},"end":{"line":75,"column":7}},{"start":{},"end":{}}],"line":73},"5":{"loc":{"start":{"line":115,"column":4},"end":{"line":121,"column":5}},"type":"if","locations":[{"start":{"line":115,"column":4},"end":{"line":121,"column":5}},{"start":{},"end":{}}],"line":115},"6":{"loc":{"start":{"line":117,"column":12},"end":{"line":119,"column":13}},"type":"if","locations":[{"start":{"line":117,"column":12},"end":{"line":119,"column":13}},{"start":{},"end":{}}],"line":117},"7":{"loc":{"start":{"line":117,"column":15},"end":{"line":117,"column":50}},"type":"binary-expr","locations":[{"start":{"line":117,"column":15},"end":{"line":117,"column":31}},{"start":{"line":117,"column":35},"end":{"line":117,"column":50}}],"line":117},"8":{"loc":{"start":{"line":138,"column":8},"end":{"line":140,"column":9}},"type":"if","locations":[{"start":{"line":138,"column":8},"end":{"line":140,"column":9}},{"start":{},"end":{}}],"line":138},"9":{"loc":{"start":{"line":143,"column":8},"end":{"line":154,"column":9}},"type":"if","locations":[{"start":{"line":143,"column":8},"end":{"line":154,"column":9}},{"start":{"line":146,"column":13},"end":{"line":154,"column":9}}],"line":143},"10":{"loc":{"start":{"line":146,"column":13},"end":{"line":154,"column":9}},"type":"if","locations":[{"start":{"line":146,"column":13},"end":{"line":154,"column":9}},{"start":{"line":149,"column":13},"end":{"line":154,"column":9}}],"line":146},"11":{"loc":{"start":{"line":149,"column":13},"end":{"line":154,"column":9}},"type":"if","locations":[{"start":{"line":149,"column":13},"end":{"line":154,"column":9}},{"start":{"line":152,"column":12},"end":{"line":154,"column":9}}],"line":149}},"s":{"0":1,"1":1,"2":1,"3":1,"4":1,"5":0,"6":0,"7":0,"8":0,"9":1,"10":0,"11":0,"12":0,"13":0,"14":1,"15":0,"16":0,"17":0,"18":0,"19":1,"20":0,"21":0,"22":0,"23":0,"24":0,"25":0,"26":0,"27":0,"28":0,"29":0,"30":0,"31":0,"32":0,"33":0,"34":0,"35":0,"36":0,"37":0,"38":1,"39":0,"40":1,"41":0,"42":0,"43":0,"44":0,"45":1,"46":0,"47":0,"48":0,"49":0,"50":0,"51":0,"52":0,"53":0,"54":0,"55":0,"56":0,"57":0,"58":0,"59":0,"60":0,"61":0,"62":0,"63":0,"64":0,"65":0,"66":0,"67":0,"68":0,"69":1,"70":0,"71":0,"72":0,"73":0,"74":0,"75":0,"76":1},"f":{"0":0,"1":0,"2":0,"3":0,"4":0,"5":0,"6":0,"7":0,"8":0,"9":0,"10":0},"b":{"0":[0,0],"1":[0,0],"2":[0,0],"3":[0,0],"4":[0,0],"5":[0,0],"6":[0,0],"7":[0,0],"8":[0,0],"9":[0,0],"10":[0,0],"11":[0,0]},"_coverageSchema":"1a1c01bbd47fc00a2c39e90264f33305004495a9","hash":"249b86313d87c6a66e81498da20a7db2f92be0a8"}
,"C:\\Users\\elpip\\Desktop\\events-manager\\server\\routes\\eventoR.js": {"path":"C:\\Users\\elpip\\Desktop\\events-manager\\server\\routes\\eventoR.js","statementMap":{"0":{"start":{"line":1,"column":16},"end":{"line":1,"column":34}},"1":{"start":{"line":2,"column":15},"end":{"line":2,"column":31}},"2":{"start":{"line":3,"column":15},"end":{"line":3,"column":43}},"3":{"start":{"line":6,"column":0},"end":{"line":13,"column":3}},"4":{"start":{"line":7,"column":4},"end":{"line":12,"column":5}},"5":{"start":{"line":8,"column":21},"end":{"line":8,"column":40}},"6":{"start":{"line":9,"column":6},"end":{"line":9,"column":23}},"7":{"start":{"line":11,"column":6},"end":{"line":11,"column":53}},"8":{"start":{"line":16,"column":0},"end":{"line":27,"column":3}},"9":{"start":{"line":17,"column":4},"end":{"line":26,"column":5}},"10":{"start":{"line":18,"column":19},"end":{"line":18,"column":55}},"11":{"start":{"line":19,"column":4},"end":{"line":21,"column":5}},"12":{"start":{"line":20,"column":8},"end":{"line":20,"column":56}},"13":{"start":{"line":22,"column":4},"end":{"line":22,"column":21}},"14":{"start":{"line":24,"column":4},"end":{"line":24,"column":23}},"15":{"start":{"line":25,"column":4},"end":{"line":25,"column":41}},"16":{"start":{"line":32,"column":0},"end":{"line":43,"column":3}},"17":{"start":{"line":33,"column":4},"end":{"line":42,"column":5}},"18":{"start":{"line":34,"column":21},"end":{"line":34,"column":63}},"19":{"start":{"line":35,"column":6},"end":{"line":37,"column":7}},"20":{"start":{"line":36,"column":8},"end":{"line":36,"column":59}},"21":{"start":{"line":38,"column":6},"end":{"line":38,"column":23}},"22":{"start":{"line":40,"column":6},"end":{"line":40,"column":25}},"23":{"start":{"line":41,"column":6},"end":{"line":41,"column":34}},"24":{"start":{"line":47,"column":0},"end":{"line":55,"column":5}},"25":{"start":{"line":48,"column":4},"end":{"line":54,"column":5}},"26":{"start":{"line":49,"column":21},"end":{"line":49,"column":41}},"27":{"start":{"line":50,"column":6},"end":{"line":50,"column":26}},"28":{"start":{"line":51,"column":6},"end":{"line":51,"column":35}},"29":{"start":{"line":53,"column":6},"end":{"line":53,"column":34}},"30":{"start":{"line":58,"column":0},"end":{"line":69,"column":3}},"31":{"start":{"line":59,"column":4},"end":{"line":68,"column":5}},"32":{"start":{"line":60,"column":30},"end":{"line":60,"column":75}},"33":{"start":{"line":61,"column":6},"end":{"line":63,"column":7}},"34":{"start":{"line":62,"column":8},"end":{"line":62,"column":56}},"35":{"start":{"line":64,"column":6},"end":{"line":64,"column":32}},"36":{"start":{"line":66,"column":6},"end":{"line":66,"column":25}},"37":{"start":{"line":67,"column":6},"end":{"line":67,"column":43}},"38":{"start":{"line":72,"column":0},"end":{"line":85,"column":3}},"39":{"start":{"line":73,"column":4},"end":{"line":84,"column":5}},"40":{"start":{"line":74,"column":31},"end":{"line":76,"column":8}},"41":{"start":{"line":77,"column":6},"end":{"line":79,"column":7}},"42":{"start":{"line":78,"column":8},"end":{"line":78,"column":56}},"43":{"start":{"line":80,"column":6},"end":{"line":80,"column":33}},"44":{"start":{"line":82,"column":6},"end":{"line":82,"column":25}},"45":{"start":{"line":83,"column":6},"end":{"line":83,"column":43}},"46":{"start":{"line":88,"column":0},"end":{"line":98,"column":3}},"47":{"start":{"line":89,"column":4},"end":{"line":97,"column":5}},"48":{"start":{"line":90,"column":21},"end":{"line":90,"column":65}},"49":{"start":{"line":91,"column":6},"end":{"line":93,"column":7}},"50":{"start":{"line":92,"column":8},"end":{"line":92,"column":72}},"51":{"start":{"line":94,"column":6},"end":{"line":94,"column":46}},"52":{"start":{"line":96,"column":6},"end":{"line":96,"column":42}},"53":{"start":{"line":101,"column":0},"end":{"line":111,"column":3}},"54":{"start":{"line":102,"column":4},"end":{"line":110,"column":5}},"55":{"start":{"line":103,"column":21},"end":{"line":103,"column":65}},"56":{"start":{"line":104,"column":6},"end":{"line":106,"column":7}},"57":{"start":{"line":105,"column":8},"end":{"line":105,"column":72}},"58":{"start":{"line":107,"column":6},"end":{"line":107,"column":44}},"59":{"start":{"line":109,"column":6},"end":{"line":109,"column":42}},"60":{"start":{"line":114,"column":0},"end":{"line":129,"column":3}},"61":{"start":{"line":115,"column":4},"end":{"line":128,"column":5}},"62":{"start":{"line":116,"column":21},"end":{"line":116,"column":107}},"63":{"start":{"line":117,"column":6},"end":{"line":119,"column":7}},"64":{"start":{"line":118,"column":8},"end":{"line":118,"column":72}},"65":{"start":{"line":120,"column":30},"end":{"line":124,"column":9}},"66":{"start":{"line":120,"column":69},"end":{"line":124,"column":7}},"67":{"start":{"line":125,"column":6},"end":{"line":125,"column":44}},"68":{"start":{"line":127,"column":6},"end":{"line":127,"column":42}},"69":{"start":{"line":132,"column":0},"end":{"line":132,"column":24}}},"fnMap":{"0":{"name":"(anonymous_0)","decl":{"start":{"line":6,"column":22},"end":{"line":6,"column":23}},"loc":{"start":{"line":6,"column":42},"end":{"line":13,"column":1}},"line":6},"1":{"name":"(anonymous_1)","decl":{"start":{"line":16,"column":26},"end":{"line":16,"column":27}},"loc":{"start":{"line":16,"column":46},"end":{"line":27,"column":1}},"line":16},"2":{"name":"(anonymous_2)","decl":{"start":{"line":32,"column":46},"end":{"line":32,"column":47}},"loc":{"start":{"line":32,"column":66},"end":{"line":43,"column":1}},"line":32},"3":{"name":"(anonymous_3)","decl":{"start":{"line":47,"column":23},"end":{"line":47,"column":24}},"loc":{"start":{"line":47,"column":43},"end":{"line":55,"column":3}},"line":47},"4":{"name":"(anonymous_4)","decl":{"start":{"line":58,"column":29},"end":{"line":58,"column":30}},"loc":{"start":{"line":58,"column":49},"end":{"line":69,"column":1}},"line":58},"5":{"name":"(anonymous_5)","decl":{"start":{"line":72,"column":26},"end":{"line":72,"column":27}},"loc":{"start":{"line":72,"column":46},"end":{"line":85,"column":1}},"line":72},"6":{"name":"(anonymous_6)","decl":{"start":{"line":88,"column":38},"end":{"line":88,"column":39}},"loc":{"start":{"line":88,"column":58},"end":{"line":98,"column":1}},"line":88},"7":{"name":"(anonymous_7)","decl":{"start":{"line":101,"column":37},"end":{"line":101,"column":38}},"loc":{"start":{"line":101,"column":57},"end":{"line":111,"column":1}},"line":101},"8":{"name":"(anonymous_8)","decl":{"start":{"line":114,"column":42},"end":{"line":114,"column":43}},"loc":{"start":{"line":114,"column":62},"end":{"line":129,"column":1}},"line":114},"9":{"name":"(anonymous_9)","decl":{"start":{"line":120,"column":57},"end":{"line":120,"column":58}},"loc":{"start":{"line":120,"column":69},"end":{"line":124,"column":7}},"line":120}},"branchMap":{"0":{"loc":{"start":{"line":19,"column":4},"end":{"line":21,"column":5}},"type":"if","locations":[{"start":{"line":19,"column":4},"end":{"line":21,"column":5}},{"start":{},"end":{}}],"line":19},"1":{"loc":{"start":{"line":35,"column":6},"end":{"line":37,"column":7}},"type":"if","locations":[{"start":{"line":35,"column":6},"end":{"line":37,"column":7}},{"start":{},"end":{}}],"line":35},"2":{"loc":{"start":{"line":61,"column":6},"end":{"line":63,"column":7}},"type":"if","locations":[{"start":{"line":61,"column":6},"end":{"line":63,"column":7}},{"start":{},"end":{}}],"line":61},"3":{"loc":{"start":{"line":77,"column":6},"end":{"line":79,"column":7}},"type":"if","locations":[{"start":{"line":77,"column":6},"end":{"line":79,"column":7}},{"start":{},"end":{}}],"line":77},"4":{"loc":{"start":{"line":91,"column":6},"end":{"line":93,"column":7}},"type":"if","locations":[{"start":{"line":91,"column":6},"end":{"line":93,"column":7}},{"start":{},"end":{}}],"line":91},"5":{"loc":{"start":{"line":104,"column":6},"end":{"line":106,"column":7}},"type":"if","locations":[{"start":{"line":104,"column":6},"end":{"line":106,"column":7}},{"start":{},"end":{}}],"line":104},"6":{"loc":{"start":{"line":117,"column":6},"end":{"line":119,"column":7}},"type":"if","locations":[{"start":{"line":117,"column":6},"end":{"line":119,"column":7}},{"start":{},"end":{}}],"line":117}},"s":{"0":1,"1":1,"2":1,"3":1,"4":0,"5":0,"6":0,"7":0,"8":1,"9":0,"10":0,"11":0,"12":0,"13":0,"14":0,"15":0,"16":1,"17":0,"18":0,"19":0,"20":0,"21":0,"22":0,"23":0,"24":1,"25":0,"26":0,"27":0,"28":0,"29":0,"30":1,"31":0,"32":0,"33":0,"34":0,"35":0,"36":0,"37":0,"38":1,"39":0,"40":0,"41":0,"42":0,"43":0,"44":0,"45":0,"46":1,"47":0,"48":0,"49":0,"50":0,"51":0,"52":0,"53":1,"54":0,"55":0,"56":0,"57":0,"58":0,"59":0,"60":1,"61":0,"62":0,"63":0,"64":0,"65":0,"66":0,"67":0,"68":0,"69":1},"f":{"0":0,"1":0,"2":0,"3":0,"4":0,"5":0,"6":0,"7":0,"8":0,"9":0},"b":{"0":[0,0],"1":[0,0],"2":[0,0],"3":[0,0],"4":[0,0],"5":[0,0],"6":[0,0]},"_coverageSchema":"1a1c01bbd47fc00a2c39e90264f33305004495a9","hash":"4dae0ac880f1e0ba226be65c48a80fb63d9d4dd1"}
,"C:\\Users\\elpip\\Desktop\\events-manager\\server\\routes\\personaR.js": {"path":"C:\\Users\\elpip\\Desktop\\events-manager\\server\\routes\\personaR.js","statementMap":{"0":{"start":{"line":1,"column":0},"end":{"line":1,"column":47}},"1":{"start":{"line":3,"column":16},"end":{"line":3,"column":34}},"2":{"start":{"line":4,"column":15},"end":{"line":4,"column":31}},"3":{"start":{"line":5,"column":15},"end":{"line":5,"column":32}},"4":{"start":{"line":6,"column":12},"end":{"line":6,"column":35}},"5":{"start":{"line":7,"column":16},"end":{"line":7,"column":45}},"6":{"start":{"line":11,"column":0},"end":{"line":27,"column":2}},"7":{"start":{"line":12,"column":2},"end":{"line":12,"column":23}},"8":{"start":{"line":13,"column":2},"end":{"line":26,"column":3}},"9":{"start":{"line":14,"column":29},"end":{"line":14,"column":69}},"10":{"start":{"line":15,"column":20},"end":{"line":22,"column":6}},"11":{"start":{"line":23,"column":4},"end":{"line":23,"column":72}},"12":{"start":{"line":25,"column":4},"end":{"line":25,"column":64}},"13":{"start":{"line":53,"column":0},"end":{"line":60,"column":2}},"14":{"start":{"line":54,"column":4},"end":{"line":59,"column":5}},"15":{"start":{"line":55,"column":24},"end":{"line":55,"column":44}},"16":{"start":{"line":56,"column":8},"end":{"line":56,"column":37}},"17":{"start":{"line":58,"column":8},"end":{"line":58,"column":54}},"18":{"start":{"line":65,"column":4},"end":{"line":72,"column":5}},"19":{"start":{"line":66,"column":6},"end":{"line":66,"column":53}},"20":{"start":{"line":67,"column":6},"end":{"line":69,"column":7}},"21":{"start":{"line":68,"column":8},"end":{"line":68,"column":70}},"22":{"start":{"line":71,"column":6},"end":{"line":71,"column":59}},"23":{"start":{"line":74,"column":4},"end":{"line":74,"column":25}},"24":{"start":{"line":75,"column":4},"end":{"line":75,"column":10}},"25":{"start":{"line":79,"column":0},"end":{"line":114,"column":2}},"26":{"start":{"line":80,"column":2},"end":{"line":82,"column":3}},"27":{"start":{"line":81,"column":4},"end":{"line":81,"column":38}},"28":{"start":{"line":83,"column":2},"end":{"line":86,"column":3}},"29":{"start":{"line":84,"column":29},"end":{"line":84,"column":69}},"30":{"start":{"line":85,"column":4},"end":{"line":85,"column":43}},"31":{"start":{"line":87,"column":2},"end":{"line":89,"column":3}},"32":{"start":{"line":88,"column":4},"end":{"line":88,"column":36}},"33":{"start":{"line":90,"column":2},"end":{"line":92,"column":3}},"34":{"start":{"line":91,"column":4},"end":{"line":91,"column":42}},"35":{"start":{"line":93,"column":2},"end":{"line":95,"column":3}},"36":{"start":{"line":94,"column":4},"end":{"line":94,"column":44}},"37":{"start":{"line":96,"column":2},"end":{"line":98,"column":3}},"38":{"start":{"line":97,"column":4},"end":{"line":97,"column":50}},"39":{"start":{"line":99,"column":2},"end":{"line":101,"column":3}},"40":{"start":{"line":100,"column":4},"end":{"line":100,"column":60}},"41":{"start":{"line":102,"column":2},"end":{"line":104,"column":3}},"42":{"start":{"line":103,"column":4},"end":{"line":103,"column":52}},"43":{"start":{"line":105,"column":2},"end":{"line":107,"column":3}},"44":{"start":{"line":106,"column":4},"end":{"line":106,"column":62}},"45":{"start":{"line":108,"column":2},"end":{"line":113,"column":3}},"46":{"start":{"line":109,"column":27},"end":{"line":109,"column":51}},"47":{"start":{"line":110,"column":4},"end":{"line":110,"column":73}},"48":{"start":{"line":112,"column":4},"end":{"line":112,"column":50}},"49":{"start":{"line":117,"column":0},"end":{"line":119,"column":2}},"50":{"start":{"line":118,"column":2},"end":{"line":118,"column":23}},"51":{"start":{"line":122,"column":0},"end":{"line":129,"column":2}},"52":{"start":{"line":123,"column":4},"end":{"line":128,"column":5}},"53":{"start":{"line":124,"column":6},"end":{"line":124,"column":35}},"54":{"start":{"line":125,"column":6},"end":{"line":125,"column":71}},"55":{"start":{"line":127,"column":6},"end":{"line":127,"column":52}},"56":{"start":{"line":131,"column":0},"end":{"line":131,"column":24}}},"fnMap":{"0":{"name":"(anonymous_0)","decl":{"start":{"line":11,"column":33},"end":{"line":11,"column":34}},"loc":{"start":{"line":11,"column":53},"end":{"line":27,"column":1}},"line":11},"1":{"name":"(anonymous_1)","decl":{"start":{"line":53,"column":30},"end":{"line":53,"column":31}},"loc":{"start":{"line":53,"column":50},"end":{"line":60,"column":1}},"line":53},"2":{"name":"getPersona","decl":{"start":{"line":63,"column":15},"end":{"line":63,"column":25}},"loc":{"start":{"line":63,"column":42},"end":{"line":76,"column":1}},"line":63},"3":{"name":"(anonymous_3)","decl":{"start":{"line":79,"column":39},"end":{"line":79,"column":40}},"loc":{"start":{"line":79,"column":59},"end":{"line":114,"column":1}},"line":79},"4":{"name":"(anonymous_4)","decl":{"start":{"line":117,"column":39},"end":{"line":117,"column":40}},"loc":{"start":{"line":117,"column":53},"end":{"line":119,"column":1}},"line":117},"5":{"name":"(anonymous_5)","decl":{"start":{"line":122,"column":42},"end":{"line":122,"column":43}},"loc":{"start":{"line":122,"column":62},"end":{"line":129,"column":1}},"line":122}},"branchMap":{"0":{"loc":{"start":{"line":67,"column":6},"end":{"line":69,"column":7}},"type":"if","locations":[{"start":{"line":67,"column":6},"end":{"line":69,"column":7}},{"start":{},"end":{}}],"line":67},"1":{"loc":{"start":{"line":80,"column":2},"end":{"line":82,"column":3}},"type":"if","locations":[{"start":{"line":80,"column":2},"end":{"line":82,"column":3}},{"start":{},"end":{}}],"line":80},"2":{"loc":{"start":{"line":83,"column":2},"end":{"line":86,"column":3}},"type":"if","locations":[{"start":{"line":83,"column":2},"end":{"line":86,"column":3}},{"start":{},"end":{}}],"line":83},"3":{"loc":{"start":{"line":87,"column":2},"end":{"line":89,"column":3}},"type":"if","locations":[{"start":{"line":87,"column":2},"end":{"line":89,"column":3}},{"start":{},"end":{}}],"line":87},"4":{"loc":{"start":{"line":90,"column":2},"end":{"line":92,"column":3}},"type":"if","locations":[{"start":{"line":90,"column":2},"end":{"line":92,"column":3}},{"start":{},"end":{}}],"line":90},"5":{"loc":{"start":{"line":93,"column":2},"end":{"line":95,"column":3}},"type":"if","locations":[{"start":{"line":93,"column":2},"end":{"line":95,"column":3}},{"start":{},"end":{}}],"line":93},"6":{"loc":{"start":{"line":96,"column":2},"end":{"line":98,"column":3}},"type":"if","locations":[{"start":{"line":96,"column":2},"end":{"line":98,"column":3}},{"start":{},"end":{}}],"line":96},"7":{"loc":{"start":{"line":99,"column":2},"end":{"line":101,"column":3}},"type":"if","locations":[{"start":{"line":99,"column":2},"end":{"line":101,"column":3}},{"start":{},"end":{}}],"line":99},"8":{"loc":{"start":{"line":102,"column":2},"end":{"line":104,"column":3}},"type":"if","locations":[{"start":{"line":102,"column":2},"end":{"line":104,"column":3}},{"start":{},"end":{}}],"line":102},"9":{"loc":{"start":{"line":105,"column":2},"end":{"line":107,"column":3}},"type":"if","locations":[{"start":{"line":105,"column":2},"end":{"line":107,"column":3}},{"start":{},"end":{}}],"line":105}},"s":{"0":1,"1":1,"2":1,"3":1,"4":1,"5":1,"6":1,"7":0,"8":0,"9":0,"10":0,"11":0,"12":0,"13":1,"14":0,"15":0,"16":0,"17":0,"18":0,"19":0,"20":0,"21":0,"22":0,"23":0,"24":0,"25":1,"26":0,"27":0,"28":0,"29":0,"30":0,"31":0,"32":0,"33":0,"34":0,"35":0,"36":0,"37":0,"38":0,"39":0,"40":0,"41":0,"42":0,"43":0,"44":0,"45":0,"46":0,"47":0,"48":0,"49":1,"50":0,"51":1,"52":0,"53":0,"54":0,"55":0,"56":1},"f":{"0":0,"1":0,"2":0,"3":0,"4":0,"5":0},"b":{"0":[0,0],"1":[0,0],"2":[0,0],"3":[0,0],"4":[0,0],"5":[0,0],"6":[0,0],"7":[0,0],"8":[0,0],"9":[0,0]},"_coverageSchema":"1a1c01bbd47fc00a2c39e90264f33305004495a9","hash":"69fa102d9c85c4d496be2df147608aee471efe17"}
,"C:\\Users\\elpip\\Desktop\\events-manager\\server\\routes\\routes.js": {"path":"C:\\Users\\elpip\\Desktop\\events-manager\\server\\routes\\routes.js","statementMap":{"0":{"start":{"line":2,"column":16},"end":{"line":2,"column":34}},"1":{"start":{"line":3,"column":21},"end":{"line":3,"column":59}},"2":{"start":{"line":4,"column":15},"end":{"line":4,"column":31}},"3":{"start":{"line":7,"column":16},"end":{"line":7,"column":36}},"4":{"start":{"line":8,"column":17},"end":{"line":8,"column":38}},"5":{"start":{"line":9,"column":16},"end":{"line":9,"column":36}},"6":{"start":{"line":10,"column":17},"end":{"line":10,"column":38}},"7":{"start":{"line":11,"column":18},"end":{"line":11,"column":40}},"8":{"start":{"line":12,"column":24},"end":{"line":12,"column":52}},"9":{"start":{"line":13,"column":23},"end":{"line":13,"column":50}},"10":{"start":{"line":16,"column":0},"end":{"line":16,"column":29}},"11":{"start":{"line":17,"column":0},"end":{"line":17,"column":28}},"12":{"start":{"line":18,"column":0},"end":{"line":18,"column":29}},"13":{"start":{"line":19,"column":0},"end":{"line":19,"column":30}},"14":{"start":{"line":20,"column":0},"end":{"line":20,"column":28}},"15":{"start":{"line":21,"column":0},"end":{"line":21,"column":36}},"16":{"start":{"line":22,"column":0},"end":{"line":22,"column":34}},"17":{"start":{"line":24,"column":0},"end":{"line":24,"column":24}}},"fnMap":{},"branchMap":{},"s":{"0":1,"1":1,"2":1,"3":1,"4":1,"5":1,"6":1,"7":1,"8":1,"9":1,"10":1,"11":1,"12":1,"13":1,"14":1,"15":1,"16":1,"17":1},"f":{},"b":{},"_coverageSchema":"1a1c01bbd47fc00a2c39e90264f33305004495a9","hash":"a83e4dc39d2c4f041623fb4b9a430636e0a3a5ff"}
}
