TN:
SF:server.js
FN:22,connectToDatabase
FN:49,(anonymous_1)
FNF:2
FNH:2
FNDA:1,connectToDatabase
FNDA:1,(anonymous_1)
DA:1,1
DA:4,1
DA:5,1
DA:6,1
DA:7,1
DA:8,1
DA:9,1
DA:13,1
DA:14,1
DA:17,1
DA:18,1
DA:19,1
DA:23,1
DA:24,1
DA:29,0
DA:32,1
DA:35,1
DA:38,1
DA:45,1
DA:48,1
DA:49,1
DA:52,1
LF:22
LH:21
BRDA:48,0,0,1
BRDA:48,0,1,1
BRF:2
BRH:2
end_of_record
TN:
SF:controllers\tokenChecker.js
FN:24,(anonymous_0)
FNF:1
FNH:1
FNDA:11,(anonymous_0)
DA:1,1
DA:24,1
DA:25,11
DA:29,11
DA:32,1
LF:5
LH:5
BRF:0
BRH:0
end_of_record
TN:
SF:models\amministratoreM.js
FNF:0
FNH:0
DA:1,1
DA:3,1
DA:12,1
DA:14,1
LF:4
LH:4
BRF:0
BRH:0
end_of_record
TN:
SF:models\annuncioM.js
FNF:0
FNH:0
DA:20,1
DA:22,1
DA:34,1
LF:3
LH:3
BRF:0
BRH:0
end_of_record
TN:
SF:models\attivitaM.js
FNF:0
FNH:0
DA:1,1
DA:3,1
DA:16,1
LF:3
LH:3
BRF:0
BRH:0
end_of_record
TN:
SF:models\bannerM.js
FNF:0
FNH:0
DA:1,1
DA:3,1
DA:16,1
LF:3
LH:3
BRF:0
BRH:0
end_of_record
TN:
SF:models\eventoM.js
FNF:0
FNH:0
DA:1,1
DA:2,1
DA:3,1
DA:5,1
DA:24,1
LF:5
LH:5
BRF:0
BRH:0
end_of_record
TN:
SF:models\personaM.js
FNF:0
FNH:0
DA:1,1
DA:3,1
DA:17,1
LF:3
LH:3
BRF:0
BRH:0
end_of_record
TN:
SF:models\segnalazioneM.js
FNF:0
FNH:0
DA:1,1
DA:3,1
DA:9,1
LF:3
LH:3
BRF:0
BRH:0
end_of_record
TN:
SF:routes\amministratoriR.js
FN:6,(anonymous_0)
FN:17,(anonymous_1)
FN:27,(anonymous_2)
FN:41,(anonymous_3)
FN:53,(anonymous_4)
FN:67,(anonymous_5)
FNF:6
FNH:0
FNDA:0,(anonymous_0)
FNDA:0,(anonymous_1)
FNDA:0,(anonymous_2)
FNDA:0,(anonymous_3)
FNDA:0,(anonymous_4)
FNDA:0,(anonymous_5)
DA:1,1
DA:2,1
DA:3,1
DA:6,1
DA:7,0
DA:8,0
DA:9,0
DA:10,0
DA:12,0
DA:17,1
DA:18,0
DA:19,0
DA:20,0
DA:22,0
DA:27,1
DA:28,0
DA:29,0
DA:30,0
DA:31,0
DA:33,0
DA:35,0
DA:36,0
DA:41,1
DA:42,0
DA:43,0
DA:44,0
DA:45,0
DA:47,0
DA:48,0
DA:53,1
DA:54,0
DA:55,0
DA:56,0
DA:57,0
DA:59,0
DA:61,0
DA:62,0
DA:67,1
DA:68,0
DA:69,0
DA:72,0
DA:73,0
DA:75,0
DA:77,0
DA:78,0
DA:82,1
LF:46
LH:10
BRDA:30,0,0,0
BRDA:30,0,1,0
BRDA:56,1,0,0
BRDA:56,1,1,0
BRDA:72,2,0,0
BRDA:72,2,1,0
BRF:6
BRH:0
end_of_record
TN:
SF:routes\annunciR.js
FN:7,(anonymous_0)
FN:22,(anonymous_1)
FN:32,(anonymous_2)
FN:48,getAnnuncio
FN:65,(anonymous_4)
FN:87,(anonymous_5)
FN:107,(anonymous_6)
FNF:7
FNH:7
FNDA:2,(anonymous_0)
FNDA:2,(anonymous_1)
FNDA:3,(anonymous_2)
FNDA:7,getAnnuncio
FNDA:3,(anonymous_4)
FNDA:3,(anonymous_5)
FNDA:3,(anonymous_6)
DA:1,1
DA:2,1
DA:3,1
DA:4,1
DA:7,1
DA:8,2
DA:9,2
DA:10,2
DA:11,2
DA:13,2
DA:14,2
DA:15,1
DA:17,1
DA:22,1
DA:23,2
DA:24,2
DA:25,1
DA:27,1
DA:32,1
DA:33,3
DA:34,3
DA:35,3
DA:37,2
DA:38,1
DA:40,1
DA:42,1
DA:43,1
DA:50,7
DA:51,7
DA:52,7
DA:53,7
DA:54,1
DA:57,0
DA:58,0
DA:60,6
DA:61,6
DA:65,1
DA:66,3
DA:67,3
DA:68,3
DA:71,3
DA:72,1
DA:73,1
DA:77,2
DA:79,1
DA:82,1
DA:87,1
DA:88,3
DA:89,3
DA:90,3
DA:92,3
DA:93,1
DA:95,2
DA:97,2
DA:99,1
DA:101,1
DA:102,1
DA:107,1
DA:108,3
DA:109,3
DA:110,3
DA:113,3
DA:114,1
DA:118,2
DA:121,2
DA:123,2
DA:125,1
DA:127,1
DA:128,1
DA:132,1
LF:70
LH:68
BRDA:37,0,0,1
BRDA:37,0,1,1
BRDA:53,1,0,1
BRDA:53,1,1,6
BRDA:71,2,0,1
BRDA:71,2,1,2
BRDA:92,3,0,1
BRDA:92,3,1,2
BRDA:113,4,0,1
BRDA:113,4,1,2
BRF:10
BRH:10
end_of_record
TN:
SF:routes\attivitaR.js
FN:11,(anonymous_0)
FN:54,(anonymous_1)
FN:65,getAttivita
FN:82,(anonymous_3)
FN:118,(anonymous_4)
FN:124,(anonymous_5)
FNF:6
FNH:0
FNDA:0,(anonymous_0)
FNDA:0,(anonymous_1)
FNDA:0,getAttivita
FNDA:0,(anonymous_3)
FNDA:0,(anonymous_4)
FNDA:0,(anonymous_5)
DA:1,1
DA:3,1
DA:4,1
DA:5,1
DA:6,1
DA:7,1
DA:11,1
DA:12,0
DA:13,0
DA:14,0
DA:15,0
DA:24,0
DA:26,0
DA:54,1
DA:55,0
DA:56,0
DA:57,0
DA:59,0
DA:67,0
DA:68,0
DA:69,0
DA:70,0
DA:73,0
DA:76,0
DA:77,0
DA:82,1
DA:83,0
DA:84,0
DA:86,0
DA:87,0
DA:88,0
DA:90,0
DA:91,0
DA:93,0
DA:94,0
DA:96,0
DA:97,0
DA:99,0
DA:100,0
DA:102,0
DA:103,0
DA:105,0
DA:106,0
DA:108,0
DA:109,0
DA:110,0
DA:112,0
DA:118,1
DA:119,0
DA:124,1
DA:125,0
DA:126,0
DA:127,0
DA:129,0
DA:133,1
LF:55
LH:12
BRDA:69,0,0,0
BRDA:69,0,1,0
BRDA:83,1,0,0
BRDA:83,1,1,0
BRDA:86,2,0,0
BRDA:86,2,1,0
BRDA:90,3,0,0
BRDA:90,3,1,0
BRDA:93,4,0,0
BRDA:93,4,1,0
BRDA:96,5,0,0
BRDA:96,5,1,0
BRDA:99,6,0,0
BRDA:99,6,1,0
BRDA:102,7,0,0
BRDA:102,7,1,0
BRDA:105,8,0,0
BRDA:105,8,1,0
BRF:18
BRH:0
end_of_record
TN:
SF:routes\autenticazione.js
FN:11,(anonymous_0)
FNF:1
FNH:0
FNDA:0,(anonymous_0)
DA:1,1
DA:3,1
DA:4,1
DA:5,1
DA:6,1
DA:7,1
DA:8,1
DA:11,1
DA:12,0
DA:13,0
DA:15,0
DA:16,0
DA:18,0
DA:19,0
DA:20,0
DA:21,0
DA:23,0
DA:25,0
DA:26,0
DA:27,0
DA:28,0
DA:29,0
DA:30,0
DA:32,0
DA:35,0
DA:39,1
LF:26
LH:9
BRDA:15,0,0,0
BRDA:15,0,1,0
BRDA:15,1,0,0
BRDA:15,1,1,0
BRDA:18,2,0,0
BRDA:18,2,1,0
BRDA:20,3,0,0
BRDA:20,3,1,0
BRDA:26,4,0,0
BRDA:26,4,1,0
BRF:10
BRH:0
end_of_record
TN:
SF:routes\bannerR.js
FN:8,(anonymous_0)
FN:18,(anonymous_1)
FN:30,(anonymous_2)
FN:42,(anonymous_3)
FN:69,getBanner
FN:86,(anonymous_5)
FN:91,(anonymous_6)
FN:114,(anonymous_7)
FN:116,(anonymous_8)
FN:132,defineAction
FN:165,(anonymous_10)
FNF:11
FNH:0
FNDA:0,(anonymous_0)
FNDA:0,(anonymous_1)
FNDA:0,(anonymous_2)
FNDA:0,(anonymous_3)
FNDA:0,getBanner
FNDA:0,(anonymous_5)
FNDA:0,(anonymous_6)
FNDA:0,(anonymous_7)
FNDA:0,(anonymous_8)
FNDA:0,defineAction
FNDA:0,(anonymous_10)
DA:1,1
DA:2,1
DA:3,1
DA:5,1
DA:8,1
DA:9,0
DA:10,0
DA:11,0
DA:13,0
DA:18,1
DA:19,0
DA:20,0
DA:23,0
DA:25,0
DA:30,1
DA:31,0
DA:32,0
DA:35,0
DA:37,0
DA:42,1
DA:44,0
DA:46,0
DA:47,0
DA:48,0
DA:51,0
DA:52,0
DA:53,0
DA:56,0
DA:57,0
DA:58,0
DA:60,0
DA:71,0
DA:72,0
DA:73,0
DA:74,0
DA:77,0
DA:80,0
DA:82,0
DA:86,1
DA:87,0
DA:91,1
DA:92,0
DA:93,0
DA:94,0
DA:96,0
DA:114,1
DA:115,0
DA:116,0
DA:117,0
DA:118,0
DA:122,0
DA:123,0
DA:124,0
DA:126,0
DA:133,0
DA:134,0
DA:135,0
DA:138,0
DA:139,0
DA:143,0
DA:144,0
DA:146,0
DA:147,0
DA:149,0
DA:150,0
DA:153,0
DA:157,0
DA:160,0
DA:162,0
DA:165,1
DA:166,0
DA:167,0
DA:168,0
DA:169,0
DA:170,0
DA:172,0
DA:176,1
LF:77
LH:13
BRDA:46,0,0,0
BRDA:46,0,1,0
BRDA:46,1,0,0
BRDA:46,1,1,0
BRDA:51,2,0,0
BRDA:51,2,1,0
BRDA:51,3,0,0
BRDA:51,3,1,0
BRDA:73,4,0,0
BRDA:73,4,1,0
BRDA:115,5,0,0
BRDA:115,5,1,0
BRDA:117,6,0,0
BRDA:117,6,1,0
BRDA:117,7,0,0
BRDA:117,7,1,0
BRDA:138,8,0,0
BRDA:138,8,1,0
BRDA:143,9,0,0
BRDA:143,9,1,0
BRDA:146,10,0,0
BRDA:146,10,1,0
BRDA:149,11,0,0
BRDA:149,11,1,0
BRF:24
BRH:0
end_of_record
TN:
SF:routes\eventoR.js
FN:6,(anonymous_0)
FN:16,(anonymous_1)
FN:32,(anonymous_2)
FN:47,(anonymous_3)
FN:58,(anonymous_4)
FN:72,(anonymous_5)
FN:88,(anonymous_6)
FN:101,(anonymous_7)
FN:114,(anonymous_8)
FN:120,(anonymous_9)
FNF:10
FNH:0
FNDA:0,(anonymous_0)
FNDA:0,(anonymous_1)
FNDA:0,(anonymous_2)
FNDA:0,(anonymous_3)
FNDA:0,(anonymous_4)
FNDA:0,(anonymous_5)
FNDA:0,(anonymous_6)
FNDA:0,(anonymous_7)
FNDA:0,(anonymous_8)
FNDA:0,(anonymous_9)
DA:1,1
DA:2,1
DA:3,1
DA:6,1
DA:7,0
DA:8,0
DA:9,0
DA:11,0
DA:16,1
DA:17,0
DA:18,0
DA:19,0
DA:20,0
DA:22,0
DA:24,0
DA:25,0
DA:32,1
DA:33,0
DA:34,0
DA:35,0
DA:36,0
DA:38,0
DA:40,0
DA:41,0
DA:47,1
DA:48,0
DA:49,0
DA:50,0
DA:51,0
DA:53,0
DA:58,1
DA:59,0
DA:60,0
DA:61,0
DA:62,0
DA:64,0
DA:66,0
DA:67,0
DA:72,1
DA:73,0
DA:74,0
DA:77,0
DA:78,0
DA:80,0
DA:82,0
DA:83,0
DA:88,1
DA:89,0
DA:90,0
DA:91,0
DA:92,0
DA:94,0
DA:96,0
DA:101,1
DA:102,0
DA:103,0
DA:104,0
DA:105,0
DA:107,0
DA:109,0
DA:114,1
DA:115,0
DA:116,0
DA:117,0
DA:118,0
DA:120,0
DA:125,0
DA:127,0
DA:132,1
LF:69
LH:13
BRDA:19,0,0,0
BRDA:19,0,1,0
BRDA:35,1,0,0
BRDA:35,1,1,0
BRDA:61,2,0,0
BRDA:61,2,1,0
BRDA:77,3,0,0
BRDA:77,3,1,0
BRDA:91,4,0,0
BRDA:91,4,1,0
BRDA:104,5,0,0
BRDA:104,5,1,0
BRDA:117,6,0,0
BRDA:117,6,1,0
BRF:14
BRH:0
end_of_record
TN:
SF:routes\personaR.js
FN:11,(anonymous_0)
FN:53,(anonymous_1)
FN:63,getPersona
FN:79,(anonymous_3)
FN:117,(anonymous_4)
FN:122,(anonymous_5)
FNF:6
FNH:0
FNDA:0,(anonymous_0)
FNDA:0,(anonymous_1)
FNDA:0,getPersona
FNDA:0,(anonymous_3)
FNDA:0,(anonymous_4)
FNDA:0,(anonymous_5)
DA:1,1
DA:3,1
DA:4,1
DA:5,1
DA:6,1
DA:7,1
DA:11,1
DA:12,0
DA:13,0
DA:14,0
DA:15,0
DA:23,0
DA:25,0
DA:53,1
DA:54,0
DA:55,0
DA:56,0
DA:58,0
DA:65,0
DA:66,0
DA:67,0
DA:68,0
DA:71,0
DA:74,0
DA:75,0
DA:79,1
DA:80,0
DA:81,0
DA:83,0
DA:84,0
DA:85,0
DA:87,0
DA:88,0
DA:90,0
DA:91,0
DA:93,0
DA:94,0
DA:96,0
DA:97,0
DA:99,0
DA:100,0
DA:102,0
DA:103,0
DA:105,0
DA:106,0
DA:108,0
DA:109,0
DA:110,0
DA:112,0
DA:117,1
DA:118,0
DA:122,1
DA:123,0
DA:124,0
DA:125,0
DA:127,0
DA:131,1
LF:57
LH:12
BRDA:67,0,0,0
BRDA:67,0,1,0
BRDA:80,1,0,0
BRDA:80,1,1,0
BRDA:83,2,0,0
BRDA:83,2,1,0
BRDA:87,3,0,0
BRDA:87,3,1,0
BRDA:90,4,0,0
BRDA:90,4,1,0
BRDA:93,5,0,0
BRDA:93,5,1,0
BRDA:96,6,0,0
BRDA:96,6,1,0
BRDA:99,7,0,0
BRDA:99,7,1,0
BRDA:102,8,0,0
BRDA:102,8,1,0
BRDA:105,9,0,0
BRDA:105,9,1,0
BRF:20
BRH:0
end_of_record
TN:
SF:routes\routes.js
FNF:0
FNH:0
DA:2,1
DA:3,1
DA:4,1
DA:7,1
DA:8,1
DA:9,1
DA:10,1
DA:11,1
DA:12,1
DA:13,1
DA:16,1
DA:17,1
DA:18,1
DA:19,1
DA:20,1
DA:21,1
DA:22,1
DA:24,1
LF:18
LH:18
BRF:0
BRH:0
end_of_record
